<?xml version="1.0" encoding="UTF-8"?>
<!-- Generated by org.testng.reporters.JUnitReportReporter -->
<testsuite hostname="DESKTOP-9ETI1GD" failures="0" tests="1" name="cucumberOptions.TestngRunner" time="15.899" errors="0" timestamp="2024-12-05T13:23:03 PST" skipped="0">
  <testcase classname="cucumberOptions.TestngRunner" name="runScenario" time="15.899"/>
  <system-out/>
</testsuite> <!-- cucumberOptions.TestngRunner -->
